<?xml version="1.0" encoding="UTF-8"?>
<!-- Generated by org.testng.reporters.JUnitXMLReporter -->
<testsuite hostname="MacBook-Air.local" ignored="4" name="Default test" tests="1" failures="0" timestamp="05 May 2022 18:28:24 GMT" time="79.977" errors="0">
  <testcase name="test4" time="71.136" classname="com.ReqResApiAutomation.scripts.APITestCases"/>
  <testcase name="test3" time="0.0" classname="com.ReqResApiAutomation.scripts.APITestCases">
    <ignored/>
  </testcase> <!-- test3 -->
  <testcase name="test5" time="0.0" classname="com.ReqResApiAutomation.scripts.APITestCases">
    <ignored/>
  </testcase> <!-- test5 -->
  <testcase name="test2" time="0.0" classname="com.ReqResApiAutomation.scripts.APITestCases">
    <ignored/>
  </testcase> <!-- test2 -->
  <testcase name="test1" time="0.0" classname="com.ReqResApiAutomation.scripts.APITestCases">
    <ignored/>
  </testcase> <!-- test1 -->
</testsuite> <!-- Default test -->
